{"obj": {"type": "AssignString", "path": ["sys", "name"], "value": "LSTM"}, "version": 1}
{"obj": {"type": "AssignString", "path": ["sys", "description"], "value": "stock-prediction-machine-learning"}, "version": 2}
{"obj": {"type": "AssignString", "path": ["monitoring", "a6d14d85", "hostname"], "value": "suhjunghos-MacBook-Pro.local"}, "version": 3}
{"obj": {"type": "AssignString", "path": ["sys", "hostname"], "value": "suhjunghos-MacBook-Pro.local"}, "version": 4}
{"obj": {"type": "AssignString", "path": ["monitoring", "a6d14d85", "pid"], "value": "66455"}, "version": 5}
{"obj": {"type": "AssignString", "path": ["monitoring", "a6d14d85", "tid"], "value": "8642372864"}, "version": 6}
{"obj": {"type": "AddStrings", "path": ["sys", "tags"], "values": ["stockprediction", "neptune", "LSTM"]}, "version": 7}
{"obj": {"type": "AssignBool", "path": ["sys", "failed"], "value": false}, "version": 8}
{"obj": {"type": "AssignInt", "path": ["LSTM_args", "units"], "value": 50}, "version": 9}
{"obj": {"type": "AssignString", "path": ["LSTM_args", "optimizer"], "value": "adam"}, "version": 10}
{"obj": {"type": "AssignInt", "path": ["LSTM_args", "batch_size"], "value": 20}, "version": 11}
{"obj": {"type": "AssignInt", "path": ["LSTM_args", "epochs"], "value": 15}, "version": 12}
{"obj": {"type": "AssignString", "path": ["source_code", "integrations", "neptune-tensorflow-keras"], "value": "2.1.1"}, "version": 13}
{"obj": {"type": "AssignString", "path": ["training", "model", "optimizer_config", "name"], "value": "Adam"}, "version": 14}
{"obj": {"type": "AssignFloat", "path": ["training", "model", "optimizer_config", "learning_rate"], "value": 0.001}, "version": 15}
{"obj": {"type": "AssignFloat", "path": ["training", "model", "optimizer_config", "decay"], "value": 0.0}, "version": 16}
{"obj": {"type": "AssignFloat", "path": ["training", "model", "optimizer_config", "beta_1"], "value": 0.9}, "version": 17}
{"obj": {"type": "AssignFloat", "path": ["training", "model", "optimizer_config", "beta_2"], "value": 0.999}, "version": 18}
{"obj": {"type": "AssignFloat", "path": ["training", "model", "optimizer_config", "epsilon"], "value": 1e-07}, "version": 19}
{"obj": {"type": "AssignBool", "path": ["training", "model", "optimizer_config", "amsgrad"], "value": false}, "version": 20}
{"obj": {"type": "AssignInt", "path": ["training", "fit_params", "verbose"], "value": 1}, "version": 21}
{"obj": {"type": "AssignInt", "path": ["training", "fit_params", "epochs"], "value": 15}, "version": 22}
{"obj": {"type": "AssignInt", "path": ["training", "fit_params", "steps"], "value": 112}, "version": 23}
{"obj": {"type": "LogFloats", "path": ["training", "model", "learning_rate"], "values": [{"value": 0.0010000000474974513, "step": null, "ts": 1686294926.3585348}]}, "version": 24}
{"obj": {"type": "LogFloats", "path": ["training", "validation", "epoch", "loss"], "values": [{"value": 0.012184139341115952, "step": null, "ts": 1686294929.7367811}]}, "version": 25}
{"obj": {"type": "LogFloats", "path": ["training", "train", "epoch", "loss"], "values": [{"value": 0.009655673056840897, "step": null, "ts": 1686294929.737665}]}, "version": 26}
{"obj": {"type": "LogFloats", "path": ["training", "model", "learning_rate"], "values": [{"value": 0.0010000000474974513, "step": null, "ts": 1686294929.738444}]}, "version": 27}
{"obj": {"type": "LogFloats", "path": ["training", "validation", "epoch", "loss"], "values": [{"value": 0.008445393294095993, "step": null, "ts": 1686294931.379245}]}, "version": 28}
{"obj": {"type": "LogFloats", "path": ["training", "train", "epoch", "loss"], "values": [{"value": 0.00017892247706186026, "step": null, "ts": 1686294931.3799171}]}, "version": 29}
{"obj": {"type": "LogFloats", "path": ["training", "model", "learning_rate"], "values": [{"value": 0.0010000000474974513, "step": null, "ts": 1686294931.380629}]}, "version": 30}
{"obj": {"type": "LogFloats", "path": ["training", "validation", "epoch", "loss"], "values": [{"value": 0.007626991253346205, "step": null, "ts": 1686294933.001765}]}, "version": 31}
{"obj": {"type": "LogFloats", "path": ["training", "train", "epoch", "loss"], "values": [{"value": 9.904825128614902e-05, "step": null, "ts": 1686294933.002499}]}, "version": 32}
{"obj": {"type": "LogFloats", "path": ["training", "model", "learning_rate"], "values": [{"value": 0.0010000000474974513, "step": null, "ts": 1686294933.0032}]}, "version": 33}
{"obj": {"type": "LogFloats", "path": ["training", "validation", "epoch", "loss"], "values": [{"value": 0.007447229232639074, "step": null, "ts": 1686294934.628163}]}, "version": 34}
{"obj": {"type": "LogFloats", "path": ["training", "train", "epoch", "loss"], "values": [{"value": 9.672896703705192e-05, "step": null, "ts": 1686294934.628891}]}, "version": 35}
{"obj": {"type": "LogFloats", "path": ["training", "model", "learning_rate"], "values": [{"value": 0.0010000000474974513, "step": null, "ts": 1686294934.629602}]}, "version": 36}
{"obj": {"type": "LogFloats", "path": ["training", "validation", "epoch", "loss"], "values": [{"value": 0.007385690230876207, "step": null, "ts": 1686294936.263135}]}, "version": 37}
{"obj": {"type": "LogFloats", "path": ["training", "train", "epoch", "loss"], "values": [{"value": 9.716473141452298e-05, "step": null, "ts": 1686294936.263781}]}, "version": 38}
{"obj": {"type": "LogFloats", "path": ["training", "model", "learning_rate"], "values": [{"value": 0.0010000000474974513, "step": null, "ts": 1686294936.264553}]}, "version": 39}
{"obj": {"type": "LogFloats", "path": ["training", "validation", "epoch", "loss"], "values": [{"value": 0.007406201679259539, "step": null, "ts": 1686294937.889705}]}, "version": 40}
{"obj": {"type": "LogFloats", "path": ["training", "train", "epoch", "loss"], "values": [{"value": 0.00010085594840347767, "step": null, "ts": 1686294937.8903072}]}, "version": 41}
{"obj": {"type": "LogFloats", "path": ["training", "model", "learning_rate"], "values": [{"value": 0.0010000000474974513, "step": null, "ts": 1686294937.891037}]}, "version": 42}
{"obj": {"type": "LogFloats", "path": ["training", "validation", "epoch", "loss"], "values": [{"value": 0.007030179258435965, "step": null, "ts": 1686294939.5280771}]}, "version": 43}
{"obj": {"type": "LogFloats", "path": ["training", "train", "epoch", "loss"], "values": [{"value": 0.00010064709931612015, "step": null, "ts": 1686294939.5287979}]}, "version": 44}
{"obj": {"type": "LogFloats", "path": ["training", "model", "learning_rate"], "values": [{"value": 0.0010000000474974513, "step": null, "ts": 1686294939.529706}]}, "version": 45}
{"obj": {"type": "LogFloats", "path": ["training", "validation", "epoch", "loss"], "values": [{"value": 0.0069704498164355755, "step": null, "ts": 1686294941.1458461}]}, "version": 46}
{"obj": {"type": "LogFloats", "path": ["training", "train", "epoch", "loss"], "values": [{"value": 9.707226854516193e-05, "step": null, "ts": 1686294941.146662}]}, "version": 47}
{"obj": {"type": "LogFloats", "path": ["training", "model", "learning_rate"], "values": [{"value": 0.0010000000474974513, "step": null, "ts": 1686294941.1475961}]}, "version": 48}
{"obj": {"type": "LogFloats", "path": ["training", "validation", "epoch", "loss"], "values": [{"value": 0.006997002754360437, "step": null, "ts": 1686294942.7681658}]}, "version": 49}
{"obj": {"type": "LogFloats", "path": ["training", "train", "epoch", "loss"], "values": [{"value": 9.854993550106883e-05, "step": null, "ts": 1686294942.7688808}]}, "version": 50}
{"obj": {"type": "LogFloats", "path": ["training", "model", "learning_rate"], "values": [{"value": 0.0010000000474974513, "step": null, "ts": 1686294942.769585}]}, "version": 51}
{"obj": {"type": "LogFloats", "path": ["training", "validation", "epoch", "loss"], "values": [{"value": 0.006749210879206657, "step": null, "ts": 1686294944.4261398}]}, "version": 52}
{"obj": {"type": "LogFloats", "path": ["training", "train", "epoch", "loss"], "values": [{"value": 9.461818262934685e-05, "step": null, "ts": 1686294944.426798}]}, "version": 53}
{"obj": {"type": "LogFloats", "path": ["training", "model", "learning_rate"], "values": [{"value": 0.0010000000474974513, "step": null, "ts": 1686294944.4275048}]}, "version": 54}
{"obj": {"type": "LogFloats", "path": ["training", "validation", "epoch", "loss"], "values": [{"value": 0.006764526013284922, "step": null, "ts": 1686294946.0608761}]}, "version": 55}
{"obj": {"type": "LogFloats", "path": ["training", "train", "epoch", "loss"], "values": [{"value": 8.965507731772959e-05, "step": null, "ts": 1686294946.0616162}]}, "version": 56}
{"obj": {"type": "LogFloats", "path": ["training", "model", "learning_rate"], "values": [{"value": 0.0010000000474974513, "step": null, "ts": 1686294946.062391}]}, "version": 57}
{"obj": {"type": "LogFloats", "path": ["training", "validation", "epoch", "loss"], "values": [{"value": 0.006533394102007151, "step": null, "ts": 1686294947.683894}]}, "version": 58}
{"obj": {"type": "LogFloats", "path": ["training", "train", "epoch", "loss"], "values": [{"value": 9.295147174270824e-05, "step": null, "ts": 1686294947.6845582}]}, "version": 59}
{"obj": {"type": "LogFloats", "path": ["training", "model", "learning_rate"], "values": [{"value": 0.0010000000474974513, "step": null, "ts": 1686294947.685247}]}, "version": 60}
{"obj": {"type": "LogFloats", "path": ["training", "validation", "epoch", "loss"], "values": [{"value": 0.0065032984130084515, "step": null, "ts": 1686294949.297437}]}, "version": 61}
{"obj": {"type": "LogFloats", "path": ["training", "train", "epoch", "loss"], "values": [{"value": 9.29574016481638e-05, "step": null, "ts": 1686294949.298267}]}, "version": 62}
{"obj": {"type": "LogFloats", "path": ["training", "model", "learning_rate"], "values": [{"value": 0.0010000000474974513, "step": null, "ts": 1686294949.299121}]}, "version": 63}
{"obj": {"type": "LogFloats", "path": ["training", "validation", "epoch", "loss"], "values": [{"value": 0.006431009620428085, "step": null, "ts": 1686294950.929133}]}, "version": 64}
{"obj": {"type": "LogFloats", "path": ["training", "train", "epoch", "loss"], "values": [{"value": 8.64966496010311e-05, "step": null, "ts": 1686294950.929721}]}, "version": 65}
{"obj": {"type": "LogFloats", "path": ["training", "model", "learning_rate"], "values": [{"value": 0.0010000000474974513, "step": null, "ts": 1686294950.930526}]}, "version": 66}
{"obj": {"type": "LogFloats", "path": ["training", "validation", "epoch", "loss"], "values": [{"value": 0.0063355728052556515, "step": null, "ts": 1686294952.5856278}]}, "version": 67}
{"obj": {"type": "LogFloats", "path": ["training", "train", "epoch", "loss"], "values": [{"value": 8.283562783617526e-05, "step": null, "ts": 1686294952.586478}]}, "version": 68}
{"obj": {"type": "UploadFile", "path": ["training", "model", "summary"], "ext": "txt", "file_path": null, "tmp_file_name": "training_model_summary-1686294952.587487-2023-06-09_16.15.52.587487.txt", "clean_after_upload": false}, "version": 69}
